{"name": "test_buy_product_1", "status": "broken", "statusDetails": {"message": "selenium.common.exceptions.TimeoutException: Message: \nStacktrace:\nBacktrace:\n\tGetHandleVerifier [0x00D18893+48451]\n\t(No symbol) [0x00CAB8A1]\n\t(No symbol) [0x00BB5058]\n\t(No symbol) [0x00BE0467]\n\t(No symbol) [0x00BE069B]\n\t(No symbol) [0x00C0DD92]\n\t(No symbol) [0x00BFA304]\n\t(No symbol) [0x00C0C482]\n\t(No symbol) [0x00BFA0B6]\n\t(No symbol) [0x00BD7E08]\n\t(No symbol) [0x00BD8F2D]\n\tGetHandleVerifier [0x00F78E3A+2540266]\n\tGetHandleVerifier [0x00FB8959+2801161]\n\tGetHandleVerifier [0x00FB295C+2776588]\n\tGetHandleVerifier [0x00DA2280+612144]\n\t(No symbol) [0x00CB4F6C]\n\t(No symbol) [0x00CB11D8]\n\t(No symbol) [0x00CB12BB]\n\t(No symbol) [0x00CA4857]\n\tBaseThreadInitThunk [0x773F00C9+25]\n\tRtlGetAppContainerNamedObjectPath [0x77B37B4E+286]\n\tRtlGetAppContainerNamedObjectPath [0x77B37B1E+238]", "trace": "set_up = None, set_group = None\n\n    @allure.description(\"Test buy product 1\")\n    def test_buy_product_1(set_up, set_group):\n        options = Options()\n        options.add_experimental_option('excludeSwitches', ['enable-logging'])\n    \n        service = Service(executable_path='C:\\\\Users\\\\user\\\\PycharmProjects\\\\resource\\\\chromedriver.exe', chrome_options = options)\n        driver = webdriver.Chrome(service=service)\n        print(\"Start Test 1\")\n    \n        login = Login_page(driver)\n        login.authorisation()\n    \n        mp = Main_page(driver)\n>       mp.select_products_1()\n\ntests\\test_buy_product.py:35: \n_ _ _ _ _ _ _ _ _ _ _ _ _ _ _ _ _ _ _ _ _ _ _ _ _ _ _ _ _ _ _ _ _ _ _ _ _ _ _ _ _ _ _ _ _ _ _ _ _ _ _ _ _ _ _ _ _ _ _ _ _ _ _ _ _ _ _ _ _ _ _ _ _ _ _ _ _ _ _\npages\\main_page.py:85: in select_products_1\n    self.click_select_product_1()\npages\\main_page.py:55: in click_select_product_1\n    self.get_select_product_1().click()\npages\\main_page.py:33: in get_select_product_1\n    return WebDriverWait(self.driver, 30).until(EC.element_to_be_clickable((By.XPATH, self.select_product_1)))\n_ _ _ _ _ _ _ _ _ _ _ _ _ _ _ _ _ _ _ _ _ _ _ _ _ _ _ _ _ _ _ _ _ _ _ _ _ _ _ _ _ _ _ _ _ _ _ _ _ _ _ _ _ _ _ _ _ _ _ _ _ _ _ _ _ _ _ _ _ _ _ _ _ _ _ _ _ _ _\n\nself = <selenium.webdriver.support.wait.WebDriverWait (session=\"26c230acb481e641b0b55cafbbe8c52c\")>\nmethod = <function element_to_be_clickable.<locals>._predicate at 0x000001F478D691C0>, message = ''\n\n    def until(self, method, message: str = \"\"):\n        \"\"\"Calls the method provided with the driver as an argument until the \\\n        return value does not evaluate to ``False``.\n    \n        :param method: callable(WebDriver)\n        :param message: optional message for :exc:`TimeoutException`\n        :returns: the result of the last call to `method`\n        :raises: :exc:`selenium.common.exceptions.TimeoutException` if timeout occurs\n        \"\"\"\n        screen = None\n        stacktrace = None\n    \n        end_time = time.monotonic() + self._timeout\n        while True:\n            try:\n                value = method(self._driver)\n                if value:\n                    return value\n            except self._ignored_exceptions as exc:\n                screen = getattr(exc, \"screen\", None)\n                stacktrace = getattr(exc, \"stacktrace\", None)\n            time.sleep(self._poll)\n            if time.monotonic() > end_time:\n                break\n>       raise TimeoutException(message, screen, stacktrace)\nE       selenium.common.exceptions.TimeoutException: Message: \nE       Stacktrace:\nE       Backtrace:\nE       \tGetHandleVerifier [0x00D18893+48451]\nE       \t(No symbol) [0x00CAB8A1]\nE       \t(No symbol) [0x00BB5058]\nE       \t(No symbol) [0x00BE0467]\nE       \t(No symbol) [0x00BE069B]\nE       \t(No symbol) [0x00C0DD92]\nE       \t(No symbol) [0x00BFA304]\nE       \t(No symbol) [0x00C0C482]\nE       \t(No symbol) [0x00BFA0B6]\nE       \t(No symbol) [0x00BD7E08]\nE       \t(No symbol) [0x00BD8F2D]\nE       \tGetHandleVerifier [0x00F78E3A+2540266]\nE       \tGetHandleVerifier [0x00FB8959+2801161]\nE       \tGetHandleVerifier [0x00FB295C+2776588]\nE       \tGetHandleVerifier [0x00DA2280+612144]\nE       \t(No symbol) [0x00CB4F6C]\nE       \t(No symbol) [0x00CB11D8]\nE       \t(No symbol) [0x00CB12BB]\nE       \t(No symbol) [0x00CA4857]\nE       \tBaseThreadInitThunk [0x773F00C9+25]\nE       \tRtlGetAppContainerNamedObjectPath [0x77B37B4E+286]\nE       \tRtlGetAppContainerNamedObjectPath [0x77B37B1E+238]\n\nvenv\\Lib\\site-packages\\selenium\\webdriver\\support\\wait.py:95: TimeoutException"}, "description": "Test buy product 1", "steps": [{"name": "Authorisation", "status": "passed", "start": 1688016857298, "stop": 1688016861525}, {"name": "Select Products 1", "status": "broken", "statusDetails": {"message": "selenium.common.exceptions.TimeoutException: Message: \nStacktrace:\nBacktrace:\n\tGetHandleVerifier [0x00D18893+48451]\n\t(No symbol) [0x00CAB8A1]\n\t(No symbol) [0x00BB5058]\n\t(No symbol) [0x00BE0467]\n\t(No symbol) [0x00BE069B]\n\t(No symbol) [0x00C0DD92]\n\t(No symbol) [0x00BFA304]\n\t(No symbol) [0x00C0C482]\n\t(No symbol) [0x00BFA0B6]\n\t(No symbol) [0x00BD7E08]\n\t(No symbol) [0x00BD8F2D]\n\tGetHandleVerifier [0x00F78E3A+2540266]\n\tGetHandleVerifier [0x00FB8959+2801161]\n\tGetHandleVerifier [0x00FB295C+2776588]\n\tGetHandleVerifier [0x00DA2280+612144]\n\t(No symbol) [0x00CB4F6C]\n\t(No symbol) [0x00CB11D8]\n\t(No symbol) [0x00CB12BB]\n\t(No symbol) [0x00CA4857]\n\tBaseThreadInitThunk [0x773F00C9+25]\n\tRtlGetAppContainerNamedObjectPath [0x77B37B4E+286]\n\tRtlGetAppContainerNamedObjectPath [0x77B37B1E+238]\n\n", "trace": "  File \"C:\\Users\\user\\PycharmProjects\\main_Project\\pages\\main_page.py\", line 85, in select_products_1\n    self.click_select_product_1()\n  File \"C:\\Users\\user\\PycharmProjects\\main_Project\\pages\\main_page.py\", line 55, in click_select_product_1\n    self.get_select_product_1().click()\n    ^^^^^^^^^^^^^^^^^^^^^^^^^^^\n  File \"C:\\Users\\user\\PycharmProjects\\main_Project\\pages\\main_page.py\", line 33, in get_select_product_1\n    return WebDriverWait(self.driver, 30).until(EC.element_to_be_clickable((By.XPATH, self.select_product_1)))\n           ^^^^^^^^^^^^^^^^^^^^^^^^^^^^^^^^^^^^^^^^^^^^^^^^^^^^^^^^^^^^^^^^^^^^^^^^^^^^^^^^^^^^^^^^^^^^^^^^^^^\n  File \"C:\\Users\\user\\PycharmProjects\\main_Project\\venv\\Lib\\site-packages\\selenium\\webdriver\\support\\wait.py\", line 95, in until\n    raise TimeoutException(message, screen, stacktrace)\n"}, "start": 1688016861525, "stop": 1688016891777}], "attachments": [{"name": "stdout", "source": "f928d233-7c0f-485e-a565-0288e333d818-attachment.txt", "type": "text/plain"}], "start": 1688016855034, "stop": 1688016891782, "uuid": "c082b292-4436-4ce7-a195-2a98bc3e6581", "historyId": "921e569ef0e667b7ca50b3357f391e4e", "testCaseId": "921e569ef0e667b7ca50b3357f391e4e", "fullName": "tests.test_buy_product#test_buy_product_1", "labels": [{"name": "parentSuite", "value": "tests"}, {"name": "suite", "value": "test_buy_product"}, {"name": "host", "value": "Yoga"}, {"name": "thread", "value": "8972-MainThread"}, {"name": "framework", "value": "pytest"}, {"name": "language", "value": "cpython3"}, {"name": "package", "value": "tests.test_buy_product"}]}